<?xml version="1.0" encoding="UTF-8"?>
<testsuite xmlns:xsi="http://www.w3.org/2001/XMLSchema-instance" xsi:noNamespaceSchemaLocation="https://maven.apache.org/surefire/maven-surefire-plugin/xsd/surefire-test-report-3.0.xsd" version="3.0" name="org.example.intento3.Intento3ApplicationTests" time="26.299" tests="1" errors="0" skipped="0" failures="0">
  <properties>
    <property name="java.specification.version" value="21"/>
    <property name="sun.cpu.isalist" value="amd64"/>
    <property name="sun.jnu.encoding" value="Cp1252"/>
    <property name="java.class.path" value="D:\2024 2\iot\repositorio\Backend\target\test-classes;D:\2024 2\iot\repositorio\Backend\target\classes;C:\Users\alyne\.m2\repository\org\springframework\boot\spring-boot-starter-data-jpa\3.3.5\spring-boot-starter-data-jpa-3.3.5.jar;C:\Users\alyne\.m2\repository\org\springframework\boot\spring-boot-starter-aop\3.3.5\spring-boot-starter-aop-3.3.5.jar;C:\Users\alyne\.m2\repository\org\springframework\spring-aop\6.1.14\spring-aop-6.1.14.jar;C:\Users\alyne\.m2\repository\org\aspectj\aspectjweaver\1.9.22.1\aspectjweaver-1.9.22.1.jar;C:\Users\alyne\.m2\repository\org\springframework\boot\spring-boot-starter-jdbc\3.3.5\spring-boot-starter-jdbc-3.3.5.jar;C:\Users\alyne\.m2\repository\com\zaxxer\HikariCP\5.1.0\HikariCP-5.1.0.jar;C:\Users\alyne\.m2\repository\org\springframework\spring-jdbc\6.1.14\spring-jdbc-6.1.14.jar;C:\Users\alyne\.m2\repository\org\hibernate\orm\hibernate-core\6.5.3.Final\hibernate-core-6.5.3.Final.jar;C:\Users\alyne\.m2\repository\jakarta\persistence\jakarta.persistence-api\3.1.0\jakarta.persistence-api-3.1.0.jar;C:\Users\alyne\.m2\repository\jakarta\transaction\jakarta.transaction-api\2.0.1\jakarta.transaction-api-2.0.1.jar;C:\Users\alyne\.m2\repository\org\jboss\logging\jboss-logging\3.5.3.Final\jboss-logging-3.5.3.Final.jar;C:\Users\alyne\.m2\repository\org\hibernate\common\hibernate-commons-annotations\6.0.6.Final\hibernate-commons-annotations-6.0.6.Final.jar;C:\Users\alyne\.m2\repository\io\smallrye\jandex\3.1.2\jandex-3.1.2.jar;C:\Users\alyne\.m2\repository\com\fasterxml\classmate\1.7.0\classmate-1.7.0.jar;C:\Users\alyne\.m2\repository\net\bytebuddy\byte-buddy\1.14.19\byte-buddy-1.14.19.jar;C:\Users\alyne\.m2\repository\org\glassfish\jaxb\jaxb-runtime\4.0.5\jaxb-runtime-4.0.5.jar;C:\Users\alyne\.m2\repository\org\glassfish\jaxb\jaxb-core\4.0.5\jaxb-core-4.0.5.jar;C:\Users\alyne\.m2\repository\org\eclipse\angus\angus-activation\2.0.2\angus-activation-2.0.2.jar;C:\Users\alyne\.m2\repository\org\glassfish\jaxb\txw2\4.0.5\txw2-4.0.5.jar;C:\Users\alyne\.m2\repository\com\sun\istack\istack-commons-runtime\4.1.2\istack-commons-runtime-4.1.2.jar;C:\Users\alyne\.m2\repository\jakarta\inject\jakarta.inject-api\2.0.1\jakarta.inject-api-2.0.1.jar;C:\Users\alyne\.m2\repository\org\antlr\antlr4-runtime\4.13.0\antlr4-runtime-4.13.0.jar;C:\Users\alyne\.m2\repository\org\springframework\data\spring-data-jpa\3.3.5\spring-data-jpa-3.3.5.jar;C:\Users\alyne\.m2\repository\org\springframework\data\spring-data-commons\3.3.5\spring-data-commons-3.3.5.jar;C:\Users\alyne\.m2\repository\org\springframework\spring-orm\6.1.14\spring-orm-6.1.14.jar;C:\Users\alyne\.m2\repository\org\springframework\spring-context\6.1.14\spring-context-6.1.14.jar;C:\Users\alyne\.m2\repository\org\springframework\spring-tx\6.1.14\spring-tx-6.1.14.jar;C:\Users\alyne\.m2\repository\org\springframework\spring-beans\6.1.14\spring-beans-6.1.14.jar;C:\Users\alyne\.m2\repository\jakarta\annotation\jakarta.annotation-api\2.1.1\jakarta.annotation-api-2.1.1.jar;C:\Users\alyne\.m2\repository\org\slf4j\slf4j-api\2.0.16\slf4j-api-2.0.16.jar;C:\Users\alyne\.m2\repository\org\springframework\spring-aspects\6.1.14\spring-aspects-6.1.14.jar;C:\Users\alyne\.m2\repository\org\springframework\boot\spring-boot-starter-web\3.3.5\spring-boot-starter-web-3.3.5.jar;C:\Users\alyne\.m2\repository\org\springframework\boot\spring-boot-starter\3.3.5\spring-boot-starter-3.3.5.jar;C:\Users\alyne\.m2\repository\org\springframework\boot\spring-boot\3.3.5\spring-boot-3.3.5.jar;C:\Users\alyne\.m2\repository\org\springframework\boot\spring-boot-autoconfigure\3.3.5\spring-boot-autoconfigure-3.3.5.jar;C:\Users\alyne\.m2\repository\org\springframework\boot\spring-boot-starter-logging\3.3.5\spring-boot-starter-logging-3.3.5.jar;C:\Users\alyne\.m2\repository\ch\qos\logback\logback-classic\1.5.11\logback-classic-1.5.11.jar;C:\Users\alyne\.m2\repository\ch\qos\logback\logback-core\1.5.11\logback-core-1.5.11.jar;C:\Users\alyne\.m2\repository\org\apache\logging\log4j\log4j-to-slf4j\2.23.1\log4j-to-slf4j-2.23.1.jar;C:\Users\alyne\.m2\repository\org\apache\logging\log4j\log4j-api\2.23.1\log4j-api-2.23.1.jar;C:\Users\alyne\.m2\repository\org\slf4j\jul-to-slf4j\2.0.16\jul-to-slf4j-2.0.16.jar;C:\Users\alyne\.m2\repository\org\yaml\snakeyaml\2.2\snakeyaml-2.2.jar;C:\Users\alyne\.m2\repository\org\springframework\boot\spring-boot-starter-json\3.3.5\spring-boot-starter-json-3.3.5.jar;C:\Users\alyne\.m2\repository\com\fasterxml\jackson\datatype\jackson-datatype-jdk8\2.17.2\jackson-datatype-jdk8-2.17.2.jar;C:\Users\alyne\.m2\repository\com\fasterxml\jackson\datatype\jackson-datatype-jsr310\2.17.2\jackson-datatype-jsr310-2.17.2.jar;C:\Users\alyne\.m2\repository\com\fasterxml\jackson\module\jackson-module-parameter-names\2.17.2\jackson-module-parameter-names-2.17.2.jar;C:\Users\alyne\.m2\repository\org\springframework\boot\spring-boot-starter-tomcat\3.3.5\spring-boot-starter-tomcat-3.3.5.jar;C:\Users\alyne\.m2\repository\org\apache\tomcat\embed\tomcat-embed-core\10.1.31\tomcat-embed-core-10.1.31.jar;C:\Users\alyne\.m2\repository\org\apache\tomcat\embed\tomcat-embed-el\10.1.31\tomcat-embed-el-10.1.31.jar;C:\Users\alyne\.m2\repository\org\apache\tomcat\embed\tomcat-embed-websocket\10.1.31\tomcat-embed-websocket-10.1.31.jar;C:\Users\alyne\.m2\repository\org\springframework\spring-web\6.1.14\spring-web-6.1.14.jar;C:\Users\alyne\.m2\repository\org\springframework\spring-webmvc\6.1.14\spring-webmvc-6.1.14.jar;C:\Users\alyne\.m2\repository\org\springframework\spring-expression\6.1.14\spring-expression-6.1.14.jar;C:\Users\alyne\.m2\repository\org\springframework\boot\spring-boot-starter-test\3.3.5\spring-boot-starter-test-3.3.5.jar;C:\Users\alyne\.m2\repository\org\springframework\boot\spring-boot-test\3.3.5\spring-boot-test-3.3.5.jar;C:\Users\alyne\.m2\repository\org\springframework\boot\spring-boot-test-autoconfigure\3.3.5\spring-boot-test-autoconfigure-3.3.5.jar;C:\Users\alyne\.m2\repository\com\jayway\jsonpath\json-path\2.9.0\json-path-2.9.0.jar;C:\Users\alyne\.m2\repository\jakarta\xml\bind\jakarta.xml.bind-api\4.0.2\jakarta.xml.bind-api-4.0.2.jar;C:\Users\alyne\.m2\repository\jakarta\activation\jakarta.activation-api\2.1.3\jakarta.activation-api-2.1.3.jar;C:\Users\alyne\.m2\repository\net\minidev\json-smart\2.5.1\json-smart-2.5.1.jar;C:\Users\alyne\.m2\repository\net\minidev\accessors-smart\2.5.1\accessors-smart-2.5.1.jar;C:\Users\alyne\.m2\repository\org\ow2\asm\asm\9.6\asm-9.6.jar;C:\Users\alyne\.m2\repository\org\assertj\assertj-core\3.25.3\assertj-core-3.25.3.jar;C:\Users\alyne\.m2\repository\org\awaitility\awaitility\4.2.2\awaitility-4.2.2.jar;C:\Users\alyne\.m2\repository\org\hamcrest\hamcrest\2.2\hamcrest-2.2.jar;C:\Users\alyne\.m2\repository\org\junit\jupiter\junit-jupiter\5.10.5\junit-jupiter-5.10.5.jar;C:\Users\alyne\.m2\repository\org\junit\jupiter\junit-jupiter-api\5.10.5\junit-jupiter-api-5.10.5.jar;C:\Users\alyne\.m2\repository\org\opentest4j\opentest4j\1.3.0\opentest4j-1.3.0.jar;C:\Users\alyne\.m2\repository\org\junit\platform\junit-platform-commons\1.10.5\junit-platform-commons-1.10.5.jar;C:\Users\alyne\.m2\repository\org\apiguardian\apiguardian-api\1.1.2\apiguardian-api-1.1.2.jar;C:\Users\alyne\.m2\repository\org\junit\jupiter\junit-jupiter-params\5.10.5\junit-jupiter-params-5.10.5.jar;C:\Users\alyne\.m2\repository\org\junit\jupiter\junit-jupiter-engine\5.10.5\junit-jupiter-engine-5.10.5.jar;C:\Users\alyne\.m2\repository\org\junit\platform\junit-platform-engine\1.10.5\junit-platform-engine-1.10.5.jar;C:\Users\alyne\.m2\repository\org\mockito\mockito-core\5.11.0\mockito-core-5.11.0.jar;C:\Users\alyne\.m2\repository\net\bytebuddy\byte-buddy-agent\1.14.19\byte-buddy-agent-1.14.19.jar;C:\Users\alyne\.m2\repository\org\objenesis\objenesis\3.3\objenesis-3.3.jar;C:\Users\alyne\.m2\repository\org\mockito\mockito-junit-jupiter\5.11.0\mockito-junit-jupiter-5.11.0.jar;C:\Users\alyne\.m2\repository\org\skyscreamer\jsonassert\1.5.3\jsonassert-1.5.3.jar;C:\Users\alyne\.m2\repository\com\vaadin\external\google\android-json\0.0.20131108.vaadin1\android-json-0.0.20131108.vaadin1.jar;C:\Users\alyne\.m2\repository\org\springframework\spring-core\6.1.14\spring-core-6.1.14.jar;C:\Users\alyne\.m2\repository\org\springframework\spring-jcl\6.1.14\spring-jcl-6.1.14.jar;C:\Users\alyne\.m2\repository\org\springframework\spring-test\6.1.14\spring-test-6.1.14.jar;C:\Users\alyne\.m2\repository\org\xmlunit\xmlunit-core\2.9.1\xmlunit-core-2.9.1.jar;C:\Users\alyne\.m2\repository\org\springframework\boot\spring-boot-starter-actuator\3.3.5\spring-boot-starter-actuator-3.3.5.jar;C:\Users\alyne\.m2\repository\org\springframework\boot\spring-boot-actuator-autoconfigure\3.3.5\spring-boot-actuator-autoconfigure-3.3.5.jar;C:\Users\alyne\.m2\repository\org\springframework\boot\spring-boot-actuator\3.3.5\spring-boot-actuator-3.3.5.jar;C:\Users\alyne\.m2\repository\io\micrometer\micrometer-observation\1.13.6\micrometer-observation-1.13.6.jar;C:\Users\alyne\.m2\repository\io\micrometer\micrometer-commons\1.13.6\micrometer-commons-1.13.6.jar;C:\Users\alyne\.m2\repository\io\micrometer\micrometer-jakarta9\1.13.6\micrometer-jakarta9-1.13.6.jar;C:\Users\alyne\.m2\repository\io\micrometer\micrometer-core\1.13.6\micrometer-core-1.13.6.jar;C:\Users\alyne\.m2\repository\org\hdrhistogram\HdrHistogram\2.2.2\HdrHistogram-2.2.2.jar;C:\Users\alyne\.m2\repository\org\latencyutils\LatencyUtils\2.0.3\LatencyUtils-2.0.3.jar;C:\Users\alyne\.m2\repository\org\springdoc\springdoc-openapi-starter-webmvc-ui\2.1.0\springdoc-openapi-starter-webmvc-ui-2.1.0.jar;C:\Users\alyne\.m2\repository\org\springdoc\springdoc-openapi-starter-webmvc-api\2.1.0\springdoc-openapi-starter-webmvc-api-2.1.0.jar;C:\Users\alyne\.m2\repository\org\springdoc\springdoc-openapi-starter-common\2.1.0\springdoc-openapi-starter-common-2.1.0.jar;C:\Users\alyne\.m2\repository\io\swagger\core\v3\swagger-core-jakarta\2.2.9\swagger-core-jakarta-2.2.9.jar;C:\Users\alyne\.m2\repository\org\apache\commons\commons-lang3\3.14.0\commons-lang3-3.14.0.jar;C:\Users\alyne\.m2\repository\io\swagger\core\v3\swagger-annotations-jakarta\2.2.9\swagger-annotations-jakarta-2.2.9.jar;C:\Users\alyne\.m2\repository\io\swagger\core\v3\swagger-models-jakarta\2.2.9\swagger-models-jakarta-2.2.9.jar;C:\Users\alyne\.m2\repository\jakarta\validation\jakarta.validation-api\3.0.2\jakarta.validation-api-3.0.2.jar;C:\Users\alyne\.m2\repository\com\fasterxml\jackson\dataformat\jackson-dataformat-yaml\2.17.2\jackson-dataformat-yaml-2.17.2.jar;C:\Users\alyne\.m2\repository\org\webjars\swagger-ui\4.18.2\swagger-ui-4.18.2.jar;C:\Users\alyne\.m2\repository\org\postgresql\postgresql\42.7.4\postgresql-42.7.4.jar;C:\Users\alyne\.m2\repository\org\checkerframework\checker-qual\3.42.0\checker-qual-3.42.0.jar;C:\Users\alyne\.m2\repository\org\projectlombok\lombok\1.18.30\lombok-1.18.30.jar;C:\Users\alyne\.m2\repository\org\springframework\integration\spring-integration-mqtt\6.3.5\spring-integration-mqtt-6.3.5.jar;C:\Users\alyne\.m2\repository\org\springframework\integration\spring-integration-core\6.3.5\spring-integration-core-6.3.5.jar;C:\Users\alyne\.m2\repository\org\springframework\spring-messaging\6.1.14\spring-messaging-6.1.14.jar;C:\Users\alyne\.m2\repository\org\springframework\retry\spring-retry\2.0.10\spring-retry-2.0.10.jar;C:\Users\alyne\.m2\repository\io\projectreactor\reactor-core\3.6.11\reactor-core-3.6.11.jar;C:\Users\alyne\.m2\repository\org\reactivestreams\reactive-streams\1.0.4\reactive-streams-1.0.4.jar;C:\Users\alyne\.m2\repository\org\eclipse\paho\org.eclipse.paho.client.mqttv3\1.2.5\org.eclipse.paho.client.mqttv3-1.2.5.jar;C:\Users\alyne\.m2\repository\com\fasterxml\jackson\core\jackson-databind\2.17.2\jackson-databind-2.17.2.jar;C:\Users\alyne\.m2\repository\com\fasterxml\jackson\core\jackson-annotations\2.17.2\jackson-annotations-2.17.2.jar;C:\Users\alyne\.m2\repository\com\fasterxml\jackson\core\jackson-core\2.17.2\jackson-core-2.17.2.jar;"/>
    <property name="java.vm.vendor" value="Oracle Corporation"/>
    <property name="sun.arch.data.model" value="64"/>
    <property name="user.variant" value=""/>
    <property name="java.vendor.url" value="https://java.oracle.com/"/>
    <property name="user.timezone" value="America/Lima"/>
    <property name="org.jboss.logging.provider" value="slf4j"/>
    <property name="os.name" value="Windows 10"/>
    <property name="java.vm.specification.version" value="21"/>
    <property name="sun.java.launcher" value="SUN_STANDARD"/>
    <property name="user.country" value="PE"/>
    <property name="sun.boot.library.path" value="C:\Program Files\Java\jdk-21\bin"/>
    <property name="sun.java.command" value="C:\Users\alyne\AppData\Local\Temp\surefire2174846402674221900\surefirebooter-20241117043107607_3.jar C:\Users\alyne\AppData\Local\Temp\surefire2174846402674221900 2024-11-17T04-31-03_948-jvmRun1 surefire-20241117043107607_1tmp surefire_0-20241117043107607_2tmp"/>
    <property name="jdk.debug" value="release"/>
    <property name="surefire.test.class.path" value="D:\2024 2\iot\repositorio\Backend\target\test-classes;D:\2024 2\iot\repositorio\Backend\target\classes;C:\Users\alyne\.m2\repository\org\springframework\boot\spring-boot-starter-data-jpa\3.3.5\spring-boot-starter-data-jpa-3.3.5.jar;C:\Users\alyne\.m2\repository\org\springframework\boot\spring-boot-starter-aop\3.3.5\spring-boot-starter-aop-3.3.5.jar;C:\Users\alyne\.m2\repository\org\springframework\spring-aop\6.1.14\spring-aop-6.1.14.jar;C:\Users\alyne\.m2\repository\org\aspectj\aspectjweaver\1.9.22.1\aspectjweaver-1.9.22.1.jar;C:\Users\alyne\.m2\repository\org\springframework\boot\spring-boot-starter-jdbc\3.3.5\spring-boot-starter-jdbc-3.3.5.jar;C:\Users\alyne\.m2\repository\com\zaxxer\HikariCP\5.1.0\HikariCP-5.1.0.jar;C:\Users\alyne\.m2\repository\org\springframework\spring-jdbc\6.1.14\spring-jdbc-6.1.14.jar;C:\Users\alyne\.m2\repository\org\hibernate\orm\hibernate-core\6.5.3.Final\hibernate-core-6.5.3.Final.jar;C:\Users\alyne\.m2\repository\jakarta\persistence\jakarta.persistence-api\3.1.0\jakarta.persistence-api-3.1.0.jar;C:\Users\alyne\.m2\repository\jakarta\transaction\jakarta.transaction-api\2.0.1\jakarta.transaction-api-2.0.1.jar;C:\Users\alyne\.m2\repository\org\jboss\logging\jboss-logging\3.5.3.Final\jboss-logging-3.5.3.Final.jar;C:\Users\alyne\.m2\repository\org\hibernate\common\hibernate-commons-annotations\6.0.6.Final\hibernate-commons-annotations-6.0.6.Final.jar;C:\Users\alyne\.m2\repository\io\smallrye\jandex\3.1.2\jandex-3.1.2.jar;C:\Users\alyne\.m2\repository\com\fasterxml\classmate\1.7.0\classmate-1.7.0.jar;C:\Users\alyne\.m2\repository\net\bytebuddy\byte-buddy\1.14.19\byte-buddy-1.14.19.jar;C:\Users\alyne\.m2\repository\org\glassfish\jaxb\jaxb-runtime\4.0.5\jaxb-runtime-4.0.5.jar;C:\Users\alyne\.m2\repository\org\glassfish\jaxb\jaxb-core\4.0.5\jaxb-core-4.0.5.jar;C:\Users\alyne\.m2\repository\org\eclipse\angus\angus-activation\2.0.2\angus-activation-2.0.2.jar;C:\Users\alyne\.m2\repository\org\glassfish\jaxb\txw2\4.0.5\txw2-4.0.5.jar;C:\Users\alyne\.m2\repository\com\sun\istack\istack-commons-runtime\4.1.2\istack-commons-runtime-4.1.2.jar;C:\Users\alyne\.m2\repository\jakarta\inject\jakarta.inject-api\2.0.1\jakarta.inject-api-2.0.1.jar;C:\Users\alyne\.m2\repository\org\antlr\antlr4-runtime\4.13.0\antlr4-runtime-4.13.0.jar;C:\Users\alyne\.m2\repository\org\springframework\data\spring-data-jpa\3.3.5\spring-data-jpa-3.3.5.jar;C:\Users\alyne\.m2\repository\org\springframework\data\spring-data-commons\3.3.5\spring-data-commons-3.3.5.jar;C:\Users\alyne\.m2\repository\org\springframework\spring-orm\6.1.14\spring-orm-6.1.14.jar;C:\Users\alyne\.m2\repository\org\springframework\spring-context\6.1.14\spring-context-6.1.14.jar;C:\Users\alyne\.m2\repository\org\springframework\spring-tx\6.1.14\spring-tx-6.1.14.jar;C:\Users\alyne\.m2\repository\org\springframework\spring-beans\6.1.14\spring-beans-6.1.14.jar;C:\Users\alyne\.m2\repository\jakarta\annotation\jakarta.annotation-api\2.1.1\jakarta.annotation-api-2.1.1.jar;C:\Users\alyne\.m2\repository\org\slf4j\slf4j-api\2.0.16\slf4j-api-2.0.16.jar;C:\Users\alyne\.m2\repository\org\springframework\spring-aspects\6.1.14\spring-aspects-6.1.14.jar;C:\Users\alyne\.m2\repository\org\springframework\boot\spring-boot-starter-web\3.3.5\spring-boot-starter-web-3.3.5.jar;C:\Users\alyne\.m2\repository\org\springframework\boot\spring-boot-starter\3.3.5\spring-boot-starter-3.3.5.jar;C:\Users\alyne\.m2\repository\org\springframework\boot\spring-boot\3.3.5\spring-boot-3.3.5.jar;C:\Users\alyne\.m2\repository\org\springframework\boot\spring-boot-autoconfigure\3.3.5\spring-boot-autoconfigure-3.3.5.jar;C:\Users\alyne\.m2\repository\org\springframework\boot\spring-boot-starter-logging\3.3.5\spring-boot-starter-logging-3.3.5.jar;C:\Users\alyne\.m2\repository\ch\qos\logback\logback-classic\1.5.11\logback-classic-1.5.11.jar;C:\Users\alyne\.m2\repository\ch\qos\logback\logback-core\1.5.11\logback-core-1.5.11.jar;C:\Users\alyne\.m2\repository\org\apache\logging\log4j\log4j-to-slf4j\2.23.1\log4j-to-slf4j-2.23.1.jar;C:\Users\alyne\.m2\repository\org\apache\logging\log4j\log4j-api\2.23.1\log4j-api-2.23.1.jar;C:\Users\alyne\.m2\repository\org\slf4j\jul-to-slf4j\2.0.16\jul-to-slf4j-2.0.16.jar;C:\Users\alyne\.m2\repository\org\yaml\snakeyaml\2.2\snakeyaml-2.2.jar;C:\Users\alyne\.m2\repository\org\springframework\boot\spring-boot-starter-json\3.3.5\spring-boot-starter-json-3.3.5.jar;C:\Users\alyne\.m2\repository\com\fasterxml\jackson\datatype\jackson-datatype-jdk8\2.17.2\jackson-datatype-jdk8-2.17.2.jar;C:\Users\alyne\.m2\repository\com\fasterxml\jackson\datatype\jackson-datatype-jsr310\2.17.2\jackson-datatype-jsr310-2.17.2.jar;C:\Users\alyne\.m2\repository\com\fasterxml\jackson\module\jackson-module-parameter-names\2.17.2\jackson-module-parameter-names-2.17.2.jar;C:\Users\alyne\.m2\repository\org\springframework\boot\spring-boot-starter-tomcat\3.3.5\spring-boot-starter-tomcat-3.3.5.jar;C:\Users\alyne\.m2\repository\org\apache\tomcat\embed\tomcat-embed-core\10.1.31\tomcat-embed-core-10.1.31.jar;C:\Users\alyne\.m2\repository\org\apache\tomcat\embed\tomcat-embed-el\10.1.31\tomcat-embed-el-10.1.31.jar;C:\Users\alyne\.m2\repository\org\apache\tomcat\embed\tomcat-embed-websocket\10.1.31\tomcat-embed-websocket-10.1.31.jar;C:\Users\alyne\.m2\repository\org\springframework\spring-web\6.1.14\spring-web-6.1.14.jar;C:\Users\alyne\.m2\repository\org\springframework\spring-webmvc\6.1.14\spring-webmvc-6.1.14.jar;C:\Users\alyne\.m2\repository\org\springframework\spring-expression\6.1.14\spring-expression-6.1.14.jar;C:\Users\alyne\.m2\repository\org\springframework\boot\spring-boot-starter-test\3.3.5\spring-boot-starter-test-3.3.5.jar;C:\Users\alyne\.m2\repository\org\springframework\boot\spring-boot-test\3.3.5\spring-boot-test-3.3.5.jar;C:\Users\alyne\.m2\repository\org\springframework\boot\spring-boot-test-autoconfigure\3.3.5\spring-boot-test-autoconfigure-3.3.5.jar;C:\Users\alyne\.m2\repository\com\jayway\jsonpath\json-path\2.9.0\json-path-2.9.0.jar;C:\Users\alyne\.m2\repository\jakarta\xml\bind\jakarta.xml.bind-api\4.0.2\jakarta.xml.bind-api-4.0.2.jar;C:\Users\alyne\.m2\repository\jakarta\activation\jakarta.activation-api\2.1.3\jakarta.activation-api-2.1.3.jar;C:\Users\alyne\.m2\repository\net\minidev\json-smart\2.5.1\json-smart-2.5.1.jar;C:\Users\alyne\.m2\repository\net\minidev\accessors-smart\2.5.1\accessors-smart-2.5.1.jar;C:\Users\alyne\.m2\repository\org\ow2\asm\asm\9.6\asm-9.6.jar;C:\Users\alyne\.m2\repository\org\assertj\assertj-core\3.25.3\assertj-core-3.25.3.jar;C:\Users\alyne\.m2\repository\org\awaitility\awaitility\4.2.2\awaitility-4.2.2.jar;C:\Users\alyne\.m2\repository\org\hamcrest\hamcrest\2.2\hamcrest-2.2.jar;C:\Users\alyne\.m2\repository\org\junit\jupiter\junit-jupiter\5.10.5\junit-jupiter-5.10.5.jar;C:\Users\alyne\.m2\repository\org\junit\jupiter\junit-jupiter-api\5.10.5\junit-jupiter-api-5.10.5.jar;C:\Users\alyne\.m2\repository\org\opentest4j\opentest4j\1.3.0\opentest4j-1.3.0.jar;C:\Users\alyne\.m2\repository\org\junit\platform\junit-platform-commons\1.10.5\junit-platform-commons-1.10.5.jar;C:\Users\alyne\.m2\repository\org\apiguardian\apiguardian-api\1.1.2\apiguardian-api-1.1.2.jar;C:\Users\alyne\.m2\repository\org\junit\jupiter\junit-jupiter-params\5.10.5\junit-jupiter-params-5.10.5.jar;C:\Users\alyne\.m2\repository\org\junit\jupiter\junit-jupiter-engine\5.10.5\junit-jupiter-engine-5.10.5.jar;C:\Users\alyne\.m2\repository\org\junit\platform\junit-platform-engine\1.10.5\junit-platform-engine-1.10.5.jar;C:\Users\alyne\.m2\repository\org\mockito\mockito-core\5.11.0\mockito-core-5.11.0.jar;C:\Users\alyne\.m2\repository\net\bytebuddy\byte-buddy-agent\1.14.19\byte-buddy-agent-1.14.19.jar;C:\Users\alyne\.m2\repository\org\objenesis\objenesis\3.3\objenesis-3.3.jar;C:\Users\alyne\.m2\repository\org\mockito\mockito-junit-jupiter\5.11.0\mockito-junit-jupiter-5.11.0.jar;C:\Users\alyne\.m2\repository\org\skyscreamer\jsonassert\1.5.3\jsonassert-1.5.3.jar;C:\Users\alyne\.m2\repository\com\vaadin\external\google\android-json\0.0.20131108.vaadin1\android-json-0.0.20131108.vaadin1.jar;C:\Users\alyne\.m2\repository\org\springframework\spring-core\6.1.14\spring-core-6.1.14.jar;C:\Users\alyne\.m2\repository\org\springframework\spring-jcl\6.1.14\spring-jcl-6.1.14.jar;C:\Users\alyne\.m2\repository\org\springframework\spring-test\6.1.14\spring-test-6.1.14.jar;C:\Users\alyne\.m2\repository\org\xmlunit\xmlunit-core\2.9.1\xmlunit-core-2.9.1.jar;C:\Users\alyne\.m2\repository\org\springframework\boot\spring-boot-starter-actuator\3.3.5\spring-boot-starter-actuator-3.3.5.jar;C:\Users\alyne\.m2\repository\org\springframework\boot\spring-boot-actuator-autoconfigure\3.3.5\spring-boot-actuator-autoconfigure-3.3.5.jar;C:\Users\alyne\.m2\repository\org\springframework\boot\spring-boot-actuator\3.3.5\spring-boot-actuator-3.3.5.jar;C:\Users\alyne\.m2\repository\io\micrometer\micrometer-observation\1.13.6\micrometer-observation-1.13.6.jar;C:\Users\alyne\.m2\repository\io\micrometer\micrometer-commons\1.13.6\micrometer-commons-1.13.6.jar;C:\Users\alyne\.m2\repository\io\micrometer\micrometer-jakarta9\1.13.6\micrometer-jakarta9-1.13.6.jar;C:\Users\alyne\.m2\repository\io\micrometer\micrometer-core\1.13.6\micrometer-core-1.13.6.jar;C:\Users\alyne\.m2\repository\org\hdrhistogram\HdrHistogram\2.2.2\HdrHistogram-2.2.2.jar;C:\Users\alyne\.m2\repository\org\latencyutils\LatencyUtils\2.0.3\LatencyUtils-2.0.3.jar;C:\Users\alyne\.m2\repository\org\springdoc\springdoc-openapi-starter-webmvc-ui\2.1.0\springdoc-openapi-starter-webmvc-ui-2.1.0.jar;C:\Users\alyne\.m2\repository\org\springdoc\springdoc-openapi-starter-webmvc-api\2.1.0\springdoc-openapi-starter-webmvc-api-2.1.0.jar;C:\Users\alyne\.m2\repository\org\springdoc\springdoc-openapi-starter-common\2.1.0\springdoc-openapi-starter-common-2.1.0.jar;C:\Users\alyne\.m2\repository\io\swagger\core\v3\swagger-core-jakarta\2.2.9\swagger-core-jakarta-2.2.9.jar;C:\Users\alyne\.m2\repository\org\apache\commons\commons-lang3\3.14.0\commons-lang3-3.14.0.jar;C:\Users\alyne\.m2\repository\io\swagger\core\v3\swagger-annotations-jakarta\2.2.9\swagger-annotations-jakarta-2.2.9.jar;C:\Users\alyne\.m2\repository\io\swagger\core\v3\swagger-models-jakarta\2.2.9\swagger-models-jakarta-2.2.9.jar;C:\Users\alyne\.m2\repository\jakarta\validation\jakarta.validation-api\3.0.2\jakarta.validation-api-3.0.2.jar;C:\Users\alyne\.m2\repository\com\fasterxml\jackson\dataformat\jackson-dataformat-yaml\2.17.2\jackson-dataformat-yaml-2.17.2.jar;C:\Users\alyne\.m2\repository\org\webjars\swagger-ui\4.18.2\swagger-ui-4.18.2.jar;C:\Users\alyne\.m2\repository\org\postgresql\postgresql\42.7.4\postgresql-42.7.4.jar;C:\Users\alyne\.m2\repository\org\checkerframework\checker-qual\3.42.0\checker-qual-3.42.0.jar;C:\Users\alyne\.m2\repository\org\projectlombok\lombok\1.18.30\lombok-1.18.30.jar;C:\Users\alyne\.m2\repository\org\springframework\integration\spring-integration-mqtt\6.3.5\spring-integration-mqtt-6.3.5.jar;C:\Users\alyne\.m2\repository\org\springframework\integration\spring-integration-core\6.3.5\spring-integration-core-6.3.5.jar;C:\Users\alyne\.m2\repository\org\springframework\spring-messaging\6.1.14\spring-messaging-6.1.14.jar;C:\Users\alyne\.m2\repository\org\springframework\retry\spring-retry\2.0.10\spring-retry-2.0.10.jar;C:\Users\alyne\.m2\repository\io\projectreactor\reactor-core\3.6.11\reactor-core-3.6.11.jar;C:\Users\alyne\.m2\repository\org\reactivestreams\reactive-streams\1.0.4\reactive-streams-1.0.4.jar;C:\Users\alyne\.m2\repository\org\eclipse\paho\org.eclipse.paho.client.mqttv3\1.2.5\org.eclipse.paho.client.mqttv3-1.2.5.jar;C:\Users\alyne\.m2\repository\com\fasterxml\jackson\core\jackson-databind\2.17.2\jackson-databind-2.17.2.jar;C:\Users\alyne\.m2\repository\com\fasterxml\jackson\core\jackson-annotations\2.17.2\jackson-annotations-2.17.2.jar;C:\Users\alyne\.m2\repository\com\fasterxml\jackson\core\jackson-core\2.17.2\jackson-core-2.17.2.jar;"/>
    <property name="sun.cpu.endian" value="little"/>
    <property name="user.home" value="C:\Users\alyne"/>
    <property name="user.language" value="es"/>
    <property name="java.specification.vendor" value="Oracle Corporation"/>
    <property name="java.version.date" value="2024-10-15"/>
    <property name="java.home" value="C:\Program Files\Java\jdk-21"/>
    <property name="file.separator" value="\"/>
    <property name="basedir" value="D:\2024 2\iot\repositorio\Backend"/>
    <property name="java.vm.compressedOopsMode" value="32-bit"/>
    <property name="line.separator" value="&#10;"/>
    <property name="java.vm.specification.vendor" value="Oracle Corporation"/>
    <property name="java.specification.name" value="Java Platform API Specification"/>
    <property name="FILE_LOG_CHARSET" value="UTF-8"/>
    <property name="java.awt.headless" value="true"/>
    <property name="surefire.real.class.path" value="C:\Users\alyne\AppData\Local\Temp\surefire2174846402674221900\surefirebooter-20241117043107607_3.jar"/>
    <property name="user.script" value=""/>
    <property name="sun.management.compiler" value="HotSpot 64-Bit Tiered Compilers"/>
    <property name="java.runtime.version" value="21.0.5+9-LTS-239"/>
    <property name="user.name" value="alyne"/>
    <property name="stdout.encoding" value="Cp1252"/>
    <property name="path.separator" value=";"/>
    <property name="os.version" value="10.0"/>
    <property name="java.runtime.name" value="Java(TM) SE Runtime Environment"/>
    <property name="file.encoding" value="UTF-8"/>
    <property name="java.vm.name" value="Java HotSpot(TM) 64-Bit Server VM"/>
    <property name="localRepository" value="C:\Users\alyne\.m2\repository"/>
    <property name="java.vendor.url.bug" value="https://bugreport.java.com/bugreport/"/>
    <property name="java.io.tmpdir" value="C:\Users\alyne\AppData\Local\Temp\"/>
    <property name="com.zaxxer.hikari.pool_number" value="1"/>
    <property name="java.version" value="21.0.5"/>
    <property name="user.dir" value="D:\2024 2\iot\repositorio\Backend"/>
    <property name="os.arch" value="amd64"/>
    <property name="java.vm.specification.name" value="Java Virtual Machine Specification"/>
    <property name="PID" value="21868"/>
    <property name="sun.os.patch.level" value=""/>
    <property name="CONSOLE_LOG_CHARSET" value="UTF-8"/>
    <property name="native.encoding" value="Cp1252"/>
    <property name="java.library.path" value="C:\Program Files\Java\jdk-21\bin;C:\WINDOWS\Sun\Java\bin;C:\WINDOWS\system32;C:\WINDOWS;C:\Program Files\Common Files\Oracle\Java\javapath;C:\Program Files\Git\bin;C:\Windows\System32\WindowsPowerShell\v1.0\;C:\Program Files\Java\jdk-20\bin;D:\PROGRAMAS_DEL_COMPUTADOR\flutter 2024\flutter_windows_3.24.5-stable\flutter\bin;C:\Windows\System32;D:\PROGRAMAS_DEL_COMPUTADOR\maven 3.6.33\apache-maven-3.9.5-bin\apache-maven-3.9.5\bin;C:\Program Files\Java\jdk-20;C:\Users\alyne\AppData\Local\Programs\Python\Python310\Scripts\;C:\Users\alyne\AppData\Local\Programs\Python\Python310\;C:\Users\alyne\AppData\Local\Microsoft\WindowsApps;C:\Users\alyne\AppData\Local\Programs\Microsoft VS Code\bin;C:\Program Files\Azure Data Studio\bin;C:\Users\alyne\.dotnet\tools;D:\PROGRAMAS_DEL_COMPUTADOR\IntelliJ IDEA\IntelliJ IDEA Community Edition 2022.3.3\bin;C:\Users\alyne\AppData\Local\JetBrains\Toolbox\scripts;C:\Users\alyne\AppData\Local\GitHubDesktop\bin;C:\Users\alyne\.dotnet\tools;C:\Users\alyne\AppData\Roaming\npm;C:\Windows\System32\WindowsPowerShell\v1.0\;C:\Windows\System32;C:\Program Files\Git\bin;;."/>
    <property name="java.vm.info" value="mixed mode, sharing"/>
    <property name="stderr.encoding" value="Cp1252"/>
    <property name="java.vendor" value="Oracle Corporation"/>
    <property name="java.vm.version" value="21.0.5+9-LTS-239"/>
    <property name="sun.io.unicode.encoding" value="UnicodeLittle"/>
    <property name="java.class.version" value="65.0"/>
    <property name="LOGGED_APPLICATION_NAME" value="[Intento3] "/>
  </properties>
  <testcase name="contextLoads" classname="org.example.intento3.Intento3ApplicationTests" time="1.042">
    <system-out><![CDATA[04:31:09.061 [main] INFO org.springframework.test.context.support.AnnotationConfigContextLoaderUtils -- Could not detect default configuration classes for test class [org.example.intento3.Intento3ApplicationTests]: Intento3ApplicationTests does not declare any static, non-private, non-final, nested classes annotated with @Configuration.
04:31:09.264 [main] INFO org.springframework.boot.test.context.SpringBootTestContextBootstrapper -- Found @SpringBootConfiguration org.example.intento3.Intento3Application for test class org.example.intento3.Intento3ApplicationTests

  .   ____          _            __ _ _
 /\\ / ___'_ __ _ _(_)_ __  __ _ \ \ \ \
( ( )\___ | '_ | '_| | '_ \/ _` | \ \ \ \
 \\/  ___)| |_)| | | | | || (_| |  ) ) ) )
  '  |____| .__|_| |_|_| |_\__, | / / / /
 =========|_|==============|___/=/_/_/_/

 :: Spring Boot ::                (v3.3.5)

2024-11-17T04:31:10.296-05:00  INFO 21868 --- [Intento3] [           main] o.e.intento3.Intento3ApplicationTests    : Starting Intento3ApplicationTests using Java 21.0.5 with PID 21868 (started by alyne in D:\2024 2\iot\repositorio\Backend)
2024-11-17T04:31:10.299-05:00  INFO 21868 --- [Intento3] [           main] o.e.intento3.Intento3ApplicationTests    : No active profile set, falling back to 1 default profile: "default"
2024-11-17T04:31:14.502-05:00  INFO 21868 --- [Intento3] [           main] .s.d.r.c.RepositoryConfigurationDelegate : Bootstrapping Spring Data JPA repositories in DEFAULT mode.
2024-11-17T04:31:14.770-05:00  INFO 21868 --- [Intento3] [           main] .s.d.r.c.RepositoryConfigurationDelegate : Finished Spring Data repository scanning in 255 ms. Found 4 JPA repository interfaces.
2024-11-17T04:31:14.895-05:00 DEBUG 21868 --- [Intento3] [           main] faultConfiguringBeanFactoryPostProcessor : SpEL function '#xpath' isn't registered: there is no spring-integration-xml.jar on the classpath.
2024-11-17T04:31:14.901-05:00  INFO 21868 --- [Intento3] [           main] faultConfiguringBeanFactoryPostProcessor : No bean named 'errorChannel' has been explicitly defined. Therefore, a default PublishSubscribeChannel will be created.
2024-11-17T04:31:14.921-05:00  INFO 21868 --- [Intento3] [           main] faultConfiguringBeanFactoryPostProcessor : No bean named 'integrationHeaderChannelRegistry' has been explicitly defined. Therefore, a default DefaultHeaderChannelRegistry will be created.
2024-11-17T04:31:16.234-05:00  INFO 21868 --- [Intento3] [           main] o.hibernate.jpa.internal.util.LogHelper  : HHH000204: Processing PersistenceUnitInfo [name: default]
2024-11-17T04:31:16.370-05:00  INFO 21868 --- [Intento3] [           main] org.hibernate.Version                    : HHH000412: Hibernate ORM core version 6.5.3.Final
2024-11-17T04:31:16.442-05:00  INFO 21868 --- [Intento3] [           main] o.h.c.internal.RegionFactoryInitiator    : HHH000026: Second-level cache disabled
2024-11-17T04:31:17.280-05:00  INFO 21868 --- [Intento3] [           main] o.s.o.j.p.SpringPersistenceUnitInfo      : No LoadTimeWeaver setup: ignoring JPA class transformer
2024-11-17T04:31:17.329-05:00  INFO 21868 --- [Intento3] [           main] com.zaxxer.hikari.HikariDataSource       : HikariPool-1 - Starting...
2024-11-17T04:31:19.283-05:00  INFO 21868 --- [Intento3] [           main] com.zaxxer.hikari.pool.HikariPool        : HikariPool-1 - Added connection org.postgresql.jdbc.PgConnection@5f911d24
2024-11-17T04:31:19.285-05:00  INFO 21868 --- [Intento3] [           main] com.zaxxer.hikari.HikariDataSource       : HikariPool-1 - Start completed.
2024-11-17T04:31:19.552-05:00  WARN 21868 --- [Intento3] [           main] org.hibernate.orm.deprecation            : HHH90000025: PostgreSQLDialect does not need to be specified explicitly using 'hibernate.dialect' (remove the property setting and it will be selected by default)
2024-11-17T04:31:23.009-05:00  INFO 21868 --- [Intento3] [           main] o.h.e.t.j.p.i.JtaPlatformInitiator       : HHH000489: No JTA platform available (set 'hibernate.transaction.jta.platform' to enable JTA platform integration)
2024-11-17T04:31:26.205-05:00  INFO 21868 --- [Intento3] [           main] j.LocalContainerEntityManagerFactoryBean : Initialized JPA EntityManagerFactory for persistence unit 'default'
Conectando al broker MQTT: tcp://broker.hivemq.com:1883
2024-11-17T04:31:28.482-05:00  WARN 21868 --- [Intento3] [           main] JpaBaseConfiguration$JpaWebConfiguration : spring.jpa.open-in-view is enabled by default. Therefore, database queries may be performed during view rendering. Explicitly configure spring.jpa.open-in-view to disable this warning
2024-11-17T04:31:31.001-05:00  INFO 21868 --- [Intento3] [           main] o.s.b.a.e.web.EndpointLinksResolver      : Exposing 1 endpoint beneath base path '/actuator'
2024-11-17T04:31:31.682-05:00 DEBUG 21868 --- [Intento3] [           main] .s.i.c.GlobalChannelInterceptorProcessor : No global channel interceptors.
2024-11-17T04:31:31.692-05:00  INFO 21868 --- [Intento3] [           main] o.s.i.endpoint.EventDrivenConsumer       : Adding {logging-channel-adapter:_org.springframework.integration.errorLogger} as a subscriber to the 'errorChannel' channel
2024-11-17T04:31:31.693-05:00  INFO 21868 --- [Intento3] [           main] o.s.i.channel.PublishSubscribeChannel    : Channel 'Intento3.errorChannel' has 1 subscriber(s).
2024-11-17T04:31:31.695-05:00  INFO 21868 --- [Intento3] [           main] o.s.i.endpoint.EventDrivenConsumer       : started bean '_org.springframework.integration.errorLogger'
2024-11-17T04:31:31.695-05:00  INFO 21868 --- [Intento3] [           main] o.s.i.endpoint.EventDrivenConsumer       : Adding {message-handler:handler.serviceActivator} as a subscriber to the 'mqttInputChannel' channel
2024-11-17T04:31:31.695-05:00  INFO 21868 --- [Intento3] [           main] o.s.integration.channel.DirectChannel    : Channel 'Intento3.mqttInputChannel' has 1 subscriber(s).
2024-11-17T04:31:31.696-05:00  INFO 21868 --- [Intento3] [           main] o.s.i.endpoint.EventDrivenConsumer       : started bean 'handler.serviceActivator'
2024-11-17T04:31:31.696-05:00  INFO 21868 --- [Intento3] [           main] o.s.i.endpoint.EventDrivenConsumer       : Adding {message-handler:mqttOutbound.serviceActivator} as a subscriber to the 'mqttOutputChannel' channel
2024-11-17T04:31:31.696-05:00  INFO 21868 --- [Intento3] [           main] o.s.integration.channel.DirectChannel    : Channel 'Intento3.mqttOutputChannel' has 1 subscriber(s).
2024-11-17T04:31:31.697-05:00  INFO 21868 --- [Intento3] [           main] o.s.i.endpoint.EventDrivenConsumer       : started bean 'mqttOutbound.serviceActivator'
2024-11-17T04:31:31.713-05:00 DEBUG 21868 --- [Intento3] [           main] o.e.paho.client.mqttv3.MqttAsyncClient   : intento3-client-f76d48f5-3653-4d95-914c-a41f2e56e63d_inbound: <init> ClientID=intento3-client-f76d48f5-3653-4d95-914c-a41f2e56e63d_inbound ServerURI=tcp://NO_URL_PROVIDED PersistenceType=null
2024-11-17T04:31:31.720-05:00 DEBUG 21868 --- [Intento3] [           main] o.e.p.c.mqttv3.internal.CommsTokenStore  : intento3-client-f76d48f5-3653-4d95-914c-a41f2e56e63d_inbound: <>
2024-11-17T04:31:31.734-05:00 DEBUG 21868 --- [Intento3] [           main] o.e.p.c.mqttv3.internal.ClientState      : intento3-client-f76d48f5-3653-4d95-914c-a41f2e56e63d_inbound: >
2024-11-17T04:31:31.737-05:00 DEBUG 21868 --- [Intento3] [           main] o.e.paho.client.mqttv3.MqttAsyncClient   : intento3-client-f76d48f5-3653-4d95-914c-a41f2e56e63d_inbound: cleanSession=true connectionTimeout=30 TimekeepAlive=60 userName=null password=[null] will=[null] userContext=null callback=null
2024-11-17T04:31:31.737-05:00 DEBUG 21868 --- [Intento3] [           main] o.e.paho.client.mqttv3.MqttAsyncClient   : intento3-client-f76d48f5-3653-4d95-914c-a41f2e56e63d_inbound: URI=tcp://NO_URL_PROVIDED
2024-11-17T04:31:31.737-05:00 DEBUG 21868 --- [Intento3] [           main] o.e.paho.client.mqttv3.MqttAsyncClient   : intento3-client-f76d48f5-3653-4d95-914c-a41f2e56e63d_inbound: URI=tcp://broker.hivemq.com:1883
2024-11-17T04:31:31.739-05:00 DEBUG 21868 --- [Intento3] [           main] o.e.paho.client.mqttv3.MqttAsyncClient   : intento3-client-f76d48f5-3653-4d95-914c-a41f2e56e63d_inbound: <
2024-11-17T04:31:31.742-05:00 DEBUG 21868 --- [Intento3] [           main] o.e.p.c.mqttv3.internal.ClientComms      : intento3-client-f76d48f5-3653-4d95-914c-a41f2e56e63d_inbound: state=CONNECTING
2024-11-17T04:31:31.743-05:00 DEBUG 21868 --- [Intento3] [           main] o.e.p.c.mqttv3.internal.CommsTokenStore  : intento3-client-f76d48f5-3653-4d95-914c-a41f2e56e63d_inbound: >
2024-11-17T04:31:31.745-05:00 DEBUG 21868 --- [Intento3] [           main] o.e.paho.client.mqttv3.internal.Token    : intento3-client-f76d48f5-3653-4d95-914c-a41f2e56e63d_inbound: key=null wait max=5,000 token=key=null ,topics= ,usercontext=org.eclipse.paho.client.mqttv3.MqttAsyncClient@fd9512f ,isComplete=false ,isNotified=false ,exception=null ,actioncallback=org.eclipse.paho.client.mqttv3.internal.ConnectActionListener@698c19ef
2024-11-17T04:31:31.745-05:00 DEBUG 21868 --- [Intento3] [e56e63d_inbound] o.e.p.c.mqttv3.internal.ClientComms      : intento3-client-f76d48f5-3653-4d95-914c-a41f2e56e63d_inbound: >
2024-11-17T04:31:31.746-05:00 DEBUG 21868 --- [Intento3] [e56e63d_inbound] o.e.p.c.mqttv3.internal.CommsTokenStore  : intento3-client-f76d48f5-3653-4d95-914c-a41f2e56e63d_inbound: >
2024-11-17T04:31:31.746-05:00 DEBUG 21868 --- [Intento3] [           main] o.e.paho.client.mqttv3.internal.Token    : intento3-client-f76d48f5-3653-4d95-914c-a41f2e56e63d_inbound: >key=null timeout=5,000 sent=false completed=false hasException=false response=null token=key=null ,topics= ,usercontext=org.eclipse.paho.client.mqttv3.MqttAsyncClient@fd9512f ,isComplete=false ,isNotified=false ,exception=null ,actioncallback=org.eclipse.paho.client.mqttv3.internal.ConnectActionListener@698c19ef
2024-11-17T04:31:31.747-05:00 DEBUG 21868 --- [Intento3] [e56e63d_inbound] o.e.p.c.mqttv3.internal.CommsTokenStore  : intento3-client-f76d48f5-3653-4d95-914c-a41f2e56e63d_inbound: key=Con message=CONNECT clientId intento3-client-f76d48f5-3653-4d95-914c-a41f2e56e63d_inbound keepAliveInterval 60
2024-11-17T04:31:31.747-05:00 DEBUG 21868 --- [Intento3] [           main] o.e.paho.client.mqttv3.internal.Token    : intento3-client-f76d48f5-3653-4d95-914c-a41f2e56e63d_inbound: key=null wait max=5,000
2024-11-17T04:31:31.747-05:00 DEBUG 21868 --- [Intento3] [e56e63d_inbound] o.e.p.c.mqttv3.internal.CommsTokenStore  : intento3-client-f76d48f5-3653-4d95-914c-a41f2e56e63d_inbound: key=Con token=org.eclipse.paho.client.mqttv3.MqttToken@738fc8e8
2024-11-17T04:31:31.748-05:00 DEBUG 21868 --- [Intento3] [e56e63d_inbound] o.e.p.c.m.internal.TCPNetworkModule      : intento3-client-f76d48f5-3653-4d95-914c-a41f2e56e63d_inbound: connect to host broker.hivemq.com port 1,883 timeout 30,000
2024-11-17T04:31:32.395-05:00 DEBUG 21868 --- [Intento3] [e56e63d_inbound] o.e.p.c.mqttv3.internal.CommsReceiver    : intento3-client-f76d48f5-3653-4d95-914c-a41f2e56e63d_inbound: starting
2024-11-17T04:31:32.396-05:00 DEBUG 21868 --- [Intento3] [e56e63d_inbound] o.e.p.c.mqttv3.internal.CommsReceiver    : intento3-client-f76d48f5-3653-4d95-914c-a41f2e56e63d_inbound: network read message
2024-11-17T04:31:32.507-05:00 DEBUG 21868 --- [Intento3] [e56e63d_inbound] o.e.p.c.mqttv3.internal.ClientState      : intento3-client-f76d48f5-3653-4d95-914c-a41f2e56e63d_inbound: wait for new work or for space in the inflight window
2024-11-17T04:31:32.614-05:00 DEBUG 21868 --- [Intento3] [e56e63d_inbound] o.e.p.c.mqttv3.internal.CommsCallback    : intento3-client-f76d48f5-3653-4d95-914c-a41f2e56e63d_inbound: wait for workAvailable
2024-11-17T04:31:32.723-05:00 DEBUG 21868 --- [Intento3] [e56e63d_inbound] o.e.p.c.mqttv3.internal.ClientComms      : intento3-client-f76d48f5-3653-4d95-914c-a41f2e56e63d_inbound: 200
2024-11-17T04:31:32.724-05:00 DEBUG 21868 --- [Intento3] [e56e63d_inbound] o.e.p.c.mqttv3.internal.ClientState      : intento3-client-f76d48f5-3653-4d95-914c-a41f2e56e63d_inbound: pending send key=0 message CONNECT clientId intento3-client-f76d48f5-3653-4d95-914c-a41f2e56e63d_inbound keepAliveInterval 60
2024-11-17T04:31:32.724-05:00 DEBUG 21868 --- [Intento3] [e56e63d_inbound] o.e.p.c.mqttv3.internal.CommsTokenStore  : intento3-client-f76d48f5-3653-4d95-914c-a41f2e56e63d_inbound: key=Con message=CONNECT clientId intento3-client-f76d48f5-3653-4d95-914c-a41f2e56e63d_inbound keepAliveInterval 60
2024-11-17T04:31:32.724-05:00 DEBUG 21868 --- [Intento3] [e56e63d_inbound] o.e.p.c.mqttv3.internal.CommsTokenStore  : intento3-client-f76d48f5-3653-4d95-914c-a41f2e56e63d_inbound: key=Con token=org.eclipse.paho.client.mqttv3.MqttToken@738fc8e8
2024-11-17T04:31:32.724-05:00 DEBUG 21868 --- [Intento3] [e56e63d_inbound] o.e.p.c.mqttv3.internal.ClientState      : intento3-client-f76d48f5-3653-4d95-914c-a41f2e56e63d_inbound: new work or ping arrived 
2024-11-17T04:31:32.725-05:00 DEBUG 21868 --- [Intento3] [e56e63d_inbound] o.e.p.c.mqttv3.internal.CommsSender      : intento3-client-f76d48f5-3653-4d95-914c-a41f2e56e63d_inbound: network send key=Con msg=CONNECT clientId intento3-client-f76d48f5-3653-4d95-914c-a41f2e56e63d_inbound keepAliveInterval 60
2024-11-17T04:31:32.726-05:00 DEBUG 21868 --- [Intento3] [e56e63d_inbound] o.e.p.c.mqttv3.internal.ClientState      : intento3-client-f76d48f5-3653-4d95-914c-a41f2e56e63d_inbound: sent bytes count=12
2024-11-17T04:31:32.726-05:00 DEBUG 21868 --- [Intento3] [e56e63d_inbound] o.e.p.c.mqttv3.internal.ClientState      : intento3-client-f76d48f5-3653-4d95-914c-a41f2e56e63d_inbound: sent bytes count=62
2024-11-17T04:31:32.726-05:00 DEBUG 21868 --- [Intento3] [e56e63d_inbound] o.e.p.c.m.i.wire.MqttOutputStream        : null: Sent CONNECT clientId intento3-client-f76d48f5-3653-4d95-914c-a41f2e56e63d_inbound keepAliveInterval 60
2024-11-17T04:31:32.726-05:00 DEBUG 21868 --- [Intento3] [e56e63d_inbound] o.e.p.c.mqttv3.internal.ClientState      : intento3-client-f76d48f5-3653-4d95-914c-a41f2e56e63d_inbound: key=Con
2024-11-17T04:31:32.727-05:00 DEBUG 21868 --- [Intento3] [e56e63d_inbound] o.e.paho.client.mqttv3.internal.Token    : intento3-client-f76d48f5-3653-4d95-914c-a41f2e56e63d_inbound: > key=Con
2024-11-17T04:31:32.727-05:00 DEBUG 21868 --- [Intento3] [e56e63d_inbound] o.e.p.c.mqttv3.internal.ClientState      : intento3-client-f76d48f5-3653-4d95-914c-a41f2e56e63d_inbound: wait for new work or for space in the inflight window
2024-11-17T04:31:32.940-05:00 DEBUG 21868 --- [Intento3] [e56e63d_inbound] o.e.p.c.mqttv3.internal.ClientState      : intento3-client-f76d48f5-3653-4d95-914c-a41f2e56e63d_inbound: received bytes count=1
2024-11-17T04:31:32.942-05:00 DEBUG 21868 --- [Intento3] [e56e63d_inbound] o.e.p.c.mqttv3.internal.ClientState      : intento3-client-f76d48f5-3653-4d95-914c-a41f2e56e63d_inbound: received bytes count=2
2024-11-17T04:31:32.943-05:00 DEBUG 21868 --- [Intento3] [e56e63d_inbound] o.e.p.c.m.internal.wire.MqttInputStream  : null: received CONNACK msgId 0 session present:false return code: 5
2024-11-17T04:31:32.943-05:00 DEBUG 21868 --- [Intento3] [e56e63d_inbound] o.e.p.c.mqttv3.internal.ClientState      : intento3-client-f76d48f5-3653-4d95-914c-a41f2e56e63d_inbound: received key=0 message=CONNACK msgId 0 session present:false return code: 5
2024-11-17T04:31:32.944-05:00 DEBUG 21868 --- [Intento3] [e56e63d_inbound] o.e.p.c.mqttv3.internal.CommsReceiver    : intento3-client-f76d48f5-3653-4d95-914c-a41f2e56e63d_inbound: Stopping, MQttException

org.eclipse.paho.client.mqttv3.MqttSecurityException: No autorizado a conectarse
	at org.eclipse.paho.client.mqttv3.internal.ExceptionHelper.createMqttException(ExceptionHelper.java:28) ~[org.eclipse.paho.client.mqttv3-1.2.5.jar:na]
	at org.eclipse.paho.client.mqttv3.internal.ClientState.notifyReceivedAck(ClientState.java:1053) ~[org.eclipse.paho.client.mqttv3-1.2.5.jar:na]
	at org.eclipse.paho.client.mqttv3.internal.CommsReceiver.run(CommsReceiver.java:151) ~[org.eclipse.paho.client.mqttv3-1.2.5.jar:na]
	at java.base/java.lang.Thread.run(Thread.java:1583) ~[na:na]

2024-11-17T04:31:32.954-05:00 DEBUG 21868 --- [Intento3] [e56e63d_inbound] o.e.p.c.mqttv3.internal.ClientComms      : intento3-client-f76d48f5-3653-4d95-914c-a41f2e56e63d_inbound: state=DISCONNECTING
2024-11-17T04:31:32.955-05:00 DEBUG 21868 --- [Intento3] [e56e63d_inbound] o.e.p.c.mqttv3.internal.CommsCallback    : intento3-client-f76d48f5-3653-4d95-914c-a41f2e56e63d_inbound: stopping
2024-11-17T04:31:32.955-05:00 DEBUG 21868 --- [Intento3] [e56e63d_inbound] o.e.p.c.mqttv3.internal.CommsCallback    : intento3-client-f76d48f5-3653-4d95-914c-a41f2e56e63d_inbound: notify workAvailable and wait for run
2024-11-17T04:31:32.955-05:00 DEBUG 21868 --- [Intento3] [e56e63d_inbound] o.e.p.c.mqttv3.internal.CommsCallback    : intento3-client-f76d48f5-3653-4d95-914c-a41f2e56e63d_inbound: stopped
2024-11-17T04:31:32.955-05:00 DEBUG 21868 --- [Intento3] [e56e63d_inbound] o.e.p.c.mqttv3.internal.CommsCallback    : intento3-client-f76d48f5-3653-4d95-914c-a41f2e56e63d_inbound: notify spaceAvailable
2024-11-17T04:31:32.955-05:00 DEBUG 21868 --- [Intento3] [e56e63d_inbound] o.e.p.c.mqttv3.internal.CommsReceiver    : intento3-client-f76d48f5-3653-4d95-914c-a41f2e56e63d_inbound: stopping
2024-11-17T04:31:32.955-05:00 DEBUG 21868 --- [Intento3] [e56e63d_inbound] o.e.p.c.mqttv3.internal.CommsReceiver    : intento3-client-f76d48f5-3653-4d95-914c-a41f2e56e63d_inbound: stopped
2024-11-17T04:31:32.956-05:00 DEBUG 21868 --- [Intento3] [e56e63d_inbound] o.e.p.c.mqttv3.internal.CommsTokenStore  : intento3-client-f76d48f5-3653-4d95-914c-a41f2e56e63d_inbound: resp=El cliente se está desconectando (32102)
2024-11-17T04:31:32.956-05:00 DEBUG 21868 --- [Intento3] [e56e63d_inbound] o.e.p.c.mqttv3.internal.ClientComms      : intento3-client-f76d48f5-3653-4d95-914c-a41f2e56e63d_inbound: >
2024-11-17T04:31:32.956-05:00 DEBUG 21868 --- [Intento3] [e56e63d_inbound] o.e.p.c.mqttv3.internal.ClientState      : intento3-client-f76d48f5-3653-4d95-914c-a41f2e56e63d_inbound: reason No autorizado a conectarse (5)
2024-11-17T04:31:32.957-05:00 DEBUG 21868 --- [Intento3] [e56e63d_inbound] o.e.p.c.mqttv3.internal.CommsTokenStore  : intento3-client-f76d48f5-3653-4d95-914c-a41f2e56e63d_inbound: >
2024-11-17T04:31:32.957-05:00 DEBUG 21868 --- [Intento3] [e56e63d_inbound] o.e.p.c.mqttv3.internal.CommsTokenStore  : intento3-client-f76d48f5-3653-4d95-914c-a41f2e56e63d_inbound: key=Con
2024-11-17T04:31:32.957-05:00 DEBUG 21868 --- [Intento3] [e56e63d_inbound] o.e.p.c.mqttv3.internal.ClientState      : intento3-client-f76d48f5-3653-4d95-914c-a41f2e56e63d_inbound: disconnected
2024-11-17T04:31:32.957-05:00 DEBUG 21868 --- [Intento3] [e56e63d_inbound] o.e.p.c.mqttv3.internal.ClientState      : intento3-client-f76d48f5-3653-4d95-914c-a41f2e56e63d_inbound: >
2024-11-17T04:31:32.957-05:00 DEBUG 21868 --- [Intento3] [e56e63d_inbound] o.e.p.c.mqttv3.internal.CommsTokenStore  : intento3-client-f76d48f5-3653-4d95-914c-a41f2e56e63d_inbound: > 0 tokens
2024-11-17T04:31:32.957-05:00 DEBUG 21868 --- [Intento3] [e56e63d_inbound] o.e.p.c.mqttv3.internal.CommsSender      : intento3-client-f76d48f5-3653-4d95-914c-a41f2e56e63d_inbound: stopping sender
2024-11-17T04:31:32.958-05:00 DEBUG 21868 --- [Intento3] [e56e63d_inbound] o.e.p.c.mqttv3.internal.ClientState      : intento3-client-f76d48f5-3653-4d95-914c-a41f2e56e63d_inbound: notifying queueLock holders
2024-11-17T04:31:32.958-05:00 DEBUG 21868 --- [Intento3] [e56e63d_inbound] o.e.p.c.mqttv3.internal.CommsSender      : intento3-client-f76d48f5-3653-4d95-914c-a41f2e56e63d_inbound: stopped
2024-11-17T04:31:32.958-05:00 DEBUG 21868 --- [Intento3] [e56e63d_inbound] o.e.p.c.mqttv3.internal.ClientState      : intento3-client-f76d48f5-3653-4d95-914c-a41f2e56e63d_inbound: new work or ping arrived 
2024-11-17T04:31:32.958-05:00 DEBUG 21868 --- [Intento3] [e56e63d_inbound] o.e.paho.client.mqttv3.TimerPingSender   : intento3-client-f76d48f5-3653-4d95-914c-a41f2e56e63d_inbound: stop
2024-11-17T04:31:32.958-05:00 DEBUG 21868 --- [Intento3] [e56e63d_inbound] o.e.p.c.mqttv3.internal.ClientState      : intento3-client-f76d48f5-3653-4d95-914c-a41f2e56e63d_inbound: no outstanding flows and not connected
2024-11-17T04:31:32.958-05:00 DEBUG 21868 --- [Intento3] [e56e63d_inbound] o.e.p.c.mqttv3.internal.ClientComms      : intento3-client-f76d48f5-3653-4d95-914c-a41f2e56e63d_inbound: state=DISCONNECTED
2024-11-17T04:31:32.958-05:00 DEBUG 21868 --- [Intento3] [e56e63d_inbound] o.e.p.c.mqttv3.internal.CommsSender      : intento3-client-f76d48f5-3653-4d95-914c-a41f2e56e63d_inbound: get message returned null, stopping}
2024-11-17T04:31:32.958-05:00 DEBUG 21868 --- [Intento3] [e56e63d_inbound] o.e.p.c.mqttv3.internal.CommsCallback    : intento3-client-f76d48f5-3653-4d95-914c-a41f2e56e63d_inbound: callback and notify for key=Con
2024-11-17T04:31:32.958-05:00 DEBUG 21868 --- [Intento3] [e56e63d_inbound] o.e.p.c.mqttv3.internal.CommsSender      : intento3-client-f76d48f5-3653-4d95-914c-a41f2e56e63d_inbound: <
2024-11-17T04:31:32.958-05:00 DEBUG 21868 --- [Intento3] [e56e63d_inbound] o.e.paho.client.mqttv3.internal.Token    : intento3-client-f76d48f5-3653-4d95-914c-a41f2e56e63d_inbound: >key=Con response=null excep=No autorizado a conectarse (5)
2024-11-17T04:31:32.959-05:00 DEBUG 21868 --- [Intento3] [e56e63d_inbound] o.e.p.c.mqttv3.internal.CommsCallback    : intento3-client-f76d48f5-3653-4d95-914c-a41f2e56e63d_inbound: call onSuccess key=Con
2024-11-17T04:31:32.959-05:00 DEBUG 21868 --- [Intento3] [e56e63d_inbound] o.e.p.c.mqttv3.internal.ClientComms      : intento3-client-f76d48f5-3653-4d95-914c-a41f2e56e63d_inbound: state=CONNECTING
2024-11-17T04:31:32.959-05:00 DEBUG 21868 --- [Intento3] [e56e63d_inbound] o.e.p.c.mqttv3.internal.CommsTokenStore  : intento3-client-f76d48f5-3653-4d95-914c-a41f2e56e63d_inbound: >
2024-11-17T04:31:32.959-05:00 DEBUG 21868 --- [Intento3] [e56e63d_inbound] o.e.p.c.mqttv3.internal.CommsReceiver    : intento3-client-f76d48f5-3653-4d95-914c-a41f2e56e63d_inbound: <
2024-11-17T04:31:32.960-05:00 DEBUG 21868 --- [Intento3] [e56e63d_inbound] o.e.p.c.mqttv3.internal.ClientComms      : intento3-client-f76d48f5-3653-4d95-914c-a41f2e56e63d_inbound: >
2024-11-17T04:31:32.960-05:00 DEBUG 21868 --- [Intento3] [e56e63d_inbound] o.e.p.c.mqttv3.internal.CommsTokenStore  : intento3-client-f76d48f5-3653-4d95-914c-a41f2e56e63d_inbound: >
2024-11-17T04:31:32.960-05:00 DEBUG 21868 --- [Intento3] [e56e63d_inbound] o.e.p.c.mqttv3.internal.CommsTokenStore  : intento3-client-f76d48f5-3653-4d95-914c-a41f2e56e63d_inbound: key=Con message=CONNECT clientId intento3-client-f76d48f5-3653-4d95-914c-a41f2e56e63d_inbound keepAliveInterval 60
2024-11-17T04:31:32.960-05:00 DEBUG 21868 --- [Intento3] [e56e63d_inbound] o.e.p.c.mqttv3.internal.CommsTokenStore  : intento3-client-f76d48f5-3653-4d95-914c-a41f2e56e63d_inbound: key=Con token=org.eclipse.paho.client.mqttv3.MqttToken@ed39005
2024-11-17T04:31:32.960-05:00 DEBUG 21868 --- [Intento3] [e56e63d_inbound] o.e.p.c.m.internal.TCPNetworkModule      : intento3-client-f76d48f5-3653-4d95-914c-a41f2e56e63d_inbound: connect to host broker.hivemq.com port 1,883 timeout 30,000
2024-11-17T04:31:33.148-05:00 DEBUG 21868 --- [Intento3] [e56e63d_inbound] o.e.p.c.mqttv3.internal.CommsReceiver    : intento3-client-f76d48f5-3653-4d95-914c-a41f2e56e63d_inbound: starting
2024-11-17T04:31:33.149-05:00 DEBUG 21868 --- [Intento3] [e56e63d_inbound] o.e.p.c.mqttv3.internal.CommsReceiver    : intento3-client-f76d48f5-3653-4d95-914c-a41f2e56e63d_inbound: network read message
2024-11-17T04:31:33.250-05:00 DEBUG 21868 --- [Intento3] [e56e63d_inbound] o.e.p.c.mqttv3.internal.ClientState      : intento3-client-f76d48f5-3653-4d95-914c-a41f2e56e63d_inbound: wait for new work or for space in the inflight window
2024-11-17T04:31:33.360-05:00 DEBUG 21868 --- [Intento3] [e56e63d_inbound] o.e.p.c.mqttv3.internal.CommsCallback    : intento3-client-f76d48f5-3653-4d95-914c-a41f2e56e63d_inbound: wait for workAvailable
2024-11-17T04:31:33.470-05:00 DEBUG 21868 --- [Intento3] [e56e63d_inbound] o.e.p.c.mqttv3.internal.ClientComms      : intento3-client-f76d48f5-3653-4d95-914c-a41f2e56e63d_inbound: 200
2024-11-17T04:31:33.470-05:00 DEBUG 21868 --- [Intento3] [e56e63d_inbound] o.e.p.c.mqttv3.internal.ClientState      : intento3-client-f76d48f5-3653-4d95-914c-a41f2e56e63d_inbound: pending send key=0 message CONNECT clientId intento3-client-f76d48f5-3653-4d95-914c-a41f2e56e63d_inbound keepAliveInterval 60
2024-11-17T04:31:33.470-05:00 DEBUG 21868 --- [Intento3] [e56e63d_inbound] o.e.p.c.mqttv3.internal.CommsTokenStore  : intento3-client-f76d48f5-3653-4d95-914c-a41f2e56e63d_inbound: key=Con message=CONNECT clientId intento3-client-f76d48f5-3653-4d95-914c-a41f2e56e63d_inbound keepAliveInterval 60
2024-11-17T04:31:33.471-05:00 DEBUG 21868 --- [Intento3] [e56e63d_inbound] o.e.p.c.mqttv3.internal.CommsTokenStore  : intento3-client-f76d48f5-3653-4d95-914c-a41f2e56e63d_inbound: key=Con token=org.eclipse.paho.client.mqttv3.MqttToken@ed39005
2024-11-17T04:31:33.471-05:00 DEBUG 21868 --- [Intento3] [e56e63d_inbound] o.e.p.c.mqttv3.internal.ClientState      : intento3-client-f76d48f5-3653-4d95-914c-a41f2e56e63d_inbound: new work or ping arrived 
2024-11-17T04:31:33.471-05:00 DEBUG 21868 --- [Intento3] [e56e63d_inbound] o.e.p.c.mqttv3.internal.CommsSender      : intento3-client-f76d48f5-3653-4d95-914c-a41f2e56e63d_inbound: network send key=Con msg=CONNECT clientId intento3-client-f76d48f5-3653-4d95-914c-a41f2e56e63d_inbound keepAliveInterval 60
2024-11-17T04:31:33.472-05:00 DEBUG 21868 --- [Intento3] [e56e63d_inbound] o.e.p.c.mqttv3.internal.ClientState      : intento3-client-f76d48f5-3653-4d95-914c-a41f2e56e63d_inbound: sent bytes count=14
2024-11-17T04:31:33.472-05:00 DEBUG 21868 --- [Intento3] [e56e63d_inbound] o.e.p.c.mqttv3.internal.ClientState      : intento3-client-f76d48f5-3653-4d95-914c-a41f2e56e63d_inbound: sent bytes count=62
2024-11-17T04:31:33.472-05:00 DEBUG 21868 --- [Intento3] [e56e63d_inbound] o.e.p.c.m.i.wire.MqttOutputStream        : null: Sent CONNECT clientId intento3-client-f76d48f5-3653-4d95-914c-a41f2e56e63d_inbound keepAliveInterval 60
2024-11-17T04:31:33.472-05:00 DEBUG 21868 --- [Intento3] [e56e63d_inbound] o.e.p.c.mqttv3.internal.ClientState      : intento3-client-f76d48f5-3653-4d95-914c-a41f2e56e63d_inbound: key=Con
2024-11-17T04:31:33.473-05:00 DEBUG 21868 --- [Intento3] [e56e63d_inbound] o.e.paho.client.mqttv3.internal.Token    : intento3-client-f76d48f5-3653-4d95-914c-a41f2e56e63d_inbound: > key=Con
2024-11-17T04:31:33.473-05:00 DEBUG 21868 --- [Intento3] [e56e63d_inbound] o.e.p.c.mqttv3.internal.ClientState      : intento3-client-f76d48f5-3653-4d95-914c-a41f2e56e63d_inbound: wait for new work or for space in the inflight window
2024-11-17T04:31:33.661-05:00 DEBUG 21868 --- [Intento3] [e56e63d_inbound] o.e.p.c.mqttv3.internal.ClientState      : intento3-client-f76d48f5-3653-4d95-914c-a41f2e56e63d_inbound: received bytes count=1
2024-11-17T04:31:33.661-05:00 DEBUG 21868 --- [Intento3] [e56e63d_inbound] o.e.p.c.mqttv3.internal.ClientState      : intento3-client-f76d48f5-3653-4d95-914c-a41f2e56e63d_inbound: received bytes count=2
2024-11-17T04:31:33.662-05:00 DEBUG 21868 --- [Intento3] [e56e63d_inbound] o.e.p.c.m.internal.wire.MqttInputStream  : null: received CONNACK msgId 0 session present:false return code: 5
2024-11-17T04:31:33.662-05:00 DEBUG 21868 --- [Intento3] [e56e63d_inbound] o.e.p.c.mqttv3.internal.ClientState      : intento3-client-f76d48f5-3653-4d95-914c-a41f2e56e63d_inbound: received key=0 message=CONNACK msgId 0 session present:false return code: 5
2024-11-17T04:31:33.663-05:00 DEBUG 21868 --- [Intento3] [e56e63d_inbound] o.e.p.c.mqttv3.internal.CommsReceiver    : intento3-client-f76d48f5-3653-4d95-914c-a41f2e56e63d_inbound: Stopping, MQttException

org.eclipse.paho.client.mqttv3.MqttSecurityException: No autorizado a conectarse
	at org.eclipse.paho.client.mqttv3.internal.ExceptionHelper.createMqttException(ExceptionHelper.java:28) ~[org.eclipse.paho.client.mqttv3-1.2.5.jar:na]
	at org.eclipse.paho.client.mqttv3.internal.ClientState.notifyReceivedAck(ClientState.java:1053) ~[org.eclipse.paho.client.mqttv3-1.2.5.jar:na]
	at org.eclipse.paho.client.mqttv3.internal.CommsReceiver.run(CommsReceiver.java:151) ~[org.eclipse.paho.client.mqttv3-1.2.5.jar:na]
	at java.base/java.lang.Thread.run(Thread.java:1583) ~[na:na]

2024-11-17T04:31:33.663-05:00 DEBUG 21868 --- [Intento3] [e56e63d_inbound] o.e.p.c.mqttv3.internal.ClientComms      : intento3-client-f76d48f5-3653-4d95-914c-a41f2e56e63d_inbound: state=DISCONNECTING
2024-11-17T04:31:33.663-05:00 DEBUG 21868 --- [Intento3] [e56e63d_inbound] o.e.p.c.mqttv3.internal.CommsCallback    : intento3-client-f76d48f5-3653-4d95-914c-a41f2e56e63d_inbound: stopping
2024-11-17T04:31:33.664-05:00 DEBUG 21868 --- [Intento3] [e56e63d_inbound] o.e.p.c.mqttv3.internal.CommsCallback    : intento3-client-f76d48f5-3653-4d95-914c-a41f2e56e63d_inbound: notify workAvailable and wait for run
2024-11-17T04:31:33.664-05:00 DEBUG 21868 --- [Intento3] [e56e63d_inbound] o.e.p.c.mqttv3.internal.CommsCallback    : intento3-client-f76d48f5-3653-4d95-914c-a41f2e56e63d_inbound: stopped
2024-11-17T04:31:33.664-05:00 DEBUG 21868 --- [Intento3] [e56e63d_inbound] o.e.p.c.mqttv3.internal.CommsCallback    : intento3-client-f76d48f5-3653-4d95-914c-a41f2e56e63d_inbound: notify spaceAvailable
2024-11-17T04:31:33.664-05:00 DEBUG 21868 --- [Intento3] [e56e63d_inbound] o.e.p.c.mqttv3.internal.CommsReceiver    : intento3-client-f76d48f5-3653-4d95-914c-a41f2e56e63d_inbound: stopping
2024-11-17T04:31:33.664-05:00 DEBUG 21868 --- [Intento3] [e56e63d_inbound] o.e.p.c.mqttv3.internal.CommsReceiver    : intento3-client-f76d48f5-3653-4d95-914c-a41f2e56e63d_inbound: stopped
2024-11-17T04:31:33.664-05:00 DEBUG 21868 --- [Intento3] [e56e63d_inbound] o.e.p.c.mqttv3.internal.CommsTokenStore  : intento3-client-f76d48f5-3653-4d95-914c-a41f2e56e63d_inbound: resp=El cliente se está desconectando (32102)
2024-11-17T04:31:33.665-05:00 DEBUG 21868 --- [Intento3] [e56e63d_inbound] o.e.p.c.mqttv3.internal.ClientComms      : intento3-client-f76d48f5-3653-4d95-914c-a41f2e56e63d_inbound: >
2024-11-17T04:31:33.665-05:00 DEBUG 21868 --- [Intento3] [e56e63d_inbound] o.e.p.c.mqttv3.internal.ClientState      : intento3-client-f76d48f5-3653-4d95-914c-a41f2e56e63d_inbound: reason No autorizado a conectarse (5)
2024-11-17T04:31:33.665-05:00 DEBUG 21868 --- [Intento3] [e56e63d_inbound] o.e.p.c.mqttv3.internal.CommsTokenStore  : intento3-client-f76d48f5-3653-4d95-914c-a41f2e56e63d_inbound: >
2024-11-17T04:31:33.665-05:00 DEBUG 21868 --- [Intento3] [e56e63d_inbound] o.e.p.c.mqttv3.internal.CommsTokenStore  : intento3-client-f76d48f5-3653-4d95-914c-a41f2e56e63d_inbound: key=Con
2024-11-17T04:31:33.665-05:00 DEBUG 21868 --- [Intento3] [e56e63d_inbound] o.e.p.c.mqttv3.internal.ClientState      : intento3-client-f76d48f5-3653-4d95-914c-a41f2e56e63d_inbound: disconnected
2024-11-17T04:31:33.665-05:00 DEBUG 21868 --- [Intento3] [e56e63d_inbound] o.e.p.c.mqttv3.internal.ClientState      : intento3-client-f76d48f5-3653-4d95-914c-a41f2e56e63d_inbound: >
2024-11-17T04:31:33.665-05:00 DEBUG 21868 --- [Intento3] [e56e63d_inbound] o.e.p.c.mqttv3.internal.CommsTokenStore  : intento3-client-f76d48f5-3653-4d95-914c-a41f2e56e63d_inbound: > 0 tokens
2024-11-17T04:31:33.666-05:00 DEBUG 21868 --- [Intento3] [e56e63d_inbound] o.e.p.c.mqttv3.internal.CommsSender      : intento3-client-f76d48f5-3653-4d95-914c-a41f2e56e63d_inbound: stopping sender
2024-11-17T04:31:33.666-05:00 DEBUG 21868 --- [Intento3] [e56e63d_inbound] o.e.p.c.mqttv3.internal.ClientState      : intento3-client-f76d48f5-3653-4d95-914c-a41f2e56e63d_inbound: notifying queueLock holders
2024-11-17T04:31:33.666-05:00 DEBUG 21868 --- [Intento3] [e56e63d_inbound] o.e.p.c.mqttv3.internal.CommsSender      : intento3-client-f76d48f5-3653-4d95-914c-a41f2e56e63d_inbound: stopped
2024-11-17T04:31:33.666-05:00 DEBUG 21868 --- [Intento3] [e56e63d_inbound] o.e.p.c.mqttv3.internal.ClientState      : intento3-client-f76d48f5-3653-4d95-914c-a41f2e56e63d_inbound: new work or ping arrived 
2024-11-17T04:31:33.666-05:00 DEBUG 21868 --- [Intento3] [e56e63d_inbound] o.e.paho.client.mqttv3.TimerPingSender   : intento3-client-f76d48f5-3653-4d95-914c-a41f2e56e63d_inbound: stop
2024-11-17T04:31:33.666-05:00 DEBUG 21868 --- [Intento3] [e56e63d_inbound] o.e.p.c.mqttv3.internal.ClientState      : intento3-client-f76d48f5-3653-4d95-914c-a41f2e56e63d_inbound: no outstanding flows and not connected
2024-11-17T04:31:33.666-05:00 DEBUG 21868 --- [Intento3] [e56e63d_inbound] o.e.p.c.mqttv3.internal.ClientComms      : intento3-client-f76d48f5-3653-4d95-914c-a41f2e56e63d_inbound: state=DISCONNECTED
2024-11-17T04:31:33.666-05:00 DEBUG 21868 --- [Intento3] [e56e63d_inbound] o.e.p.c.mqttv3.internal.CommsSender      : intento3-client-f76d48f5-3653-4d95-914c-a41f2e56e63d_inbound: get message returned null, stopping}
2024-11-17T04:31:33.666-05:00 DEBUG 21868 --- [Intento3] [e56e63d_inbound] o.e.p.c.mqttv3.internal.CommsSender      : intento3-client-f76d48f5-3653-4d95-914c-a41f2e56e63d_inbound: <
2024-11-17T04:31:33.666-05:00 DEBUG 21868 --- [Intento3] [e56e63d_inbound] o.e.p.c.mqttv3.internal.CommsCallback    : intento3-client-f76d48f5-3653-4d95-914c-a41f2e56e63d_inbound: callback and notify for key=Con
2024-11-17T04:31:33.666-05:00 DEBUG 21868 --- [Intento3] [e56e63d_inbound] o.e.paho.client.mqttv3.internal.Token    : intento3-client-f76d48f5-3653-4d95-914c-a41f2e56e63d_inbound: >key=Con response=null excep=No autorizado a conectarse (5)
2024-11-17T04:31:33.666-05:00 DEBUG 21868 --- [Intento3] [e56e63d_inbound] o.e.p.c.mqttv3.internal.CommsCallback    : intento3-client-f76d48f5-3653-4d95-914c-a41f2e56e63d_inbound: call onSuccess key=Con
2024-11-17T04:31:33.667-05:00 DEBUG 21868 --- [Intento3] [e56e63d_inbound] o.e.paho.client.mqttv3.internal.Token    : intento3-client-f76d48f5-3653-4d95-914c-a41f2e56e63d_inbound: >key=null response=null excep=No autorizado a conectarse (5)
2024-11-17T04:31:33.667-05:00 DEBUG 21868 --- [Intento3] [e56e63d_inbound] o.e.paho.client.mqttv3.internal.Token    : intento3-client-f76d48f5-3653-4d95-914c-a41f2e56e63d_inbound: >key=null response=null excep=No autorizado a conectarse (5)
2024-11-17T04:31:33.667-05:00 DEBUG 21868 --- [Intento3] [e56e63d_inbound] o.e.p.c.mqttv3.internal.CommsReceiver    : intento3-client-f76d48f5-3653-4d95-914c-a41f2e56e63d_inbound: <
2024-11-17T04:31:33.667-05:00 DEBUG 21868 --- [Intento3] [           main] o.e.paho.client.mqttv3.internal.Token    : intento3-client-f76d48f5-3653-4d95-914c-a41f2e56e63d_inbound: failed with exception

org.eclipse.paho.client.mqttv3.MqttSecurityException: No autorizado a conectarse
	at org.eclipse.paho.client.mqttv3.internal.ExceptionHelper.createMqttException(ExceptionHelper.java:28) ~[org.eclipse.paho.client.mqttv3-1.2.5.jar:na]
	at org.eclipse.paho.client.mqttv3.internal.ClientState.notifyReceivedAck(ClientState.java:1053) ~[org.eclipse.paho.client.mqttv3-1.2.5.jar:na]
	at org.eclipse.paho.client.mqttv3.internal.CommsReceiver.run(CommsReceiver.java:151) ~[org.eclipse.paho.client.mqttv3-1.2.5.jar:na]
	at java.base/java.lang.Thread.run(Thread.java:1583) ~[na:na]

2024-11-17T04:31:33.668-05:00 ERROR 21868 --- [Intento3] [           main] .m.i.MqttPahoMessageDrivenChannelAdapter : Exception while connecting

org.eclipse.paho.client.mqttv3.MqttSecurityException: No autorizado a conectarse
	at org.eclipse.paho.client.mqttv3.internal.ExceptionHelper.createMqttException(ExceptionHelper.java:28) ~[org.eclipse.paho.client.mqttv3-1.2.5.jar:na]
	at org.eclipse.paho.client.mqttv3.internal.ClientState.notifyReceivedAck(ClientState.java:1053) ~[org.eclipse.paho.client.mqttv3-1.2.5.jar:na]
	at org.eclipse.paho.client.mqttv3.internal.CommsReceiver.run(CommsReceiver.java:151) ~[org.eclipse.paho.client.mqttv3-1.2.5.jar:na]
	at java.base/java.lang.Thread.run(Thread.java:1583) ~[na:na]

2024-11-17T04:31:33.670-05:00  INFO 21868 --- [Intento3] [           main] .m.i.MqttPahoMessageDrivenChannelAdapter : started bean 'inbound'; defined in: 'class path resource [org/example/intento3/config/MqttConfig.class]'; from source: 'org.example.intento3.config.MqttConfig.inbound(org.springframework.integration.mqtt.core.MqttPahoClientFactory,java.lang.String)'
2024-11-17T04:31:33.695-05:00 DEBUG 21868 --- [Intento3] [           main] o.s.i.c.IntegrationConfigurationReport   : 
Spring Integration global properties:

spring.integration.channels.autoCreate=true
spring.integration.channels.error.requireSubscribers=true
spring.integration.taskScheduler.poolSize=10
spring.integration.readOnly.headers=
spring.integration.channels.maxUnicastSubscribers=2147483647
spring.integration.endpoints.noAutoStartup=
spring.integration.channels.error.ignoreFailures=true
spring.integration.messagingTemplate.throwExceptionOnLateReply=false
spring.integration.channels.maxBroadcastSubscribers=2147483647
spring.integration.endpoints.defaultTimeout=30000

2024-11-17T04:31:33.696-05:00  INFO 21868 --- [Intento3] [           main] o.e.intento3.Intento3ApplicationTests    : Started Intento3ApplicationTests in 24.177 seconds (process running for 25.839)
]]></system-out>
    <system-err><![CDATA[WARNING: A Java agent has been loaded dynamically (C:\Users\alyne\.m2\repository\net\bytebuddy\byte-buddy-agent\1.14.19\byte-buddy-agent-1.14.19.jar)
WARNING: If a serviceability tool is in use, please run with -XX:+EnableDynamicAgentLoading to hide this warning
WARNING: If a serviceability tool is not in use, please run with -Djdk.instrument.traceUsage for more information
WARNING: Dynamic loading of agents will be disallowed by default in a future release
]]></system-err>
  </testcase>
</testsuite>